<?xml version="1.0" encoding="UTF-8"?>
<testng-results skipped="0" failed="0" ignored="0" total="2" passed="2">
  <reporter-output>
  </reporter-output>
  <suite name="RegressionSuite" duration-ms="10404" started-at="2022-03-21T21:22:47 GST" finished-at="2022-03-21T21:22:58 GST">
    <groups>
    </groups>
    <test name="Regression1" duration-ms="10404" started-at="2022-03-21T21:22:47 GST" finished-at="2022-03-21T21:22:58 GST">
      <class name="employees.TestEmployees">
        <test-method status="PASS" signature="test001()[pri:0, instance:employees.TestEmployees@5a8e6209]" name="test001" duration-ms="6309" started-at="2022-03-21T21:22:47 GST" description="Get all employees data and verify status code and empty profle image" finished-at="2022-03-21T21:22:54 GST">
          <reporter-output>
          </reporter-output>
        </test-method> <!-- test001 -->
      </class> <!-- employees.TestEmployees -->
      <class name="employee.TestEmployee">
        <test-method status="PASS" signature="test002(java.lang.String)[pri:0, instance:employee.TestEmployee@4b4523f8]" name="test002" duration-ms="2862" started-at="2022-03-21T21:22:55 GST" description="Get data related given employee ID and verify schema and message" data-provider="test002" finished-at="2022-03-21T21:22:58 GST">
          <params>
            <param index="0">
              <value>
                <![CDATA[2]]>
              </value>
            </param>
          </params>
          <reporter-output>
          </reporter-output>
        </test-method> <!-- test002 -->
      </class> <!-- employee.TestEmployee -->
    </test> <!-- Regression1 -->
  </suite> <!-- RegressionSuite -->
</testng-results>
