-------------------------------------------------------------------------------
Test set: TestSuite
-------------------------------------------------------------------------------
Tests run: 2, Failures: 1, Errors: 0, Skipped: 0, Time elapsed: 13.763 s <<< FAILURE! - in TestSuite
employee.TestEmployee.test002[2](1)  Time elapsed: 1.711 s  <<< FAILURE!
java.lang.AssertionError: 
1 expectation failed.
Expected status code <200> but was <429>.

	at employee.TestEmployee.test002(TestEmployee.java:32)

